1 -- Binary Search Increase
1 -- midpoint = 17.5
PACKET LOSS
1 -- wmax = 17.5
1 -- wmax(17.5) - cwnd(10) > smax(5)
1 -- Additive Increase
wmax(17.5) - cwnd(10) > smax(5)
1 -- cwnd = 15

2 -- Binary Search Increase
2 -- midpoint = 11.25
2 -- wmin = 11.25

3 -- Binary Search Increase
3 -- midpoint = 14.375
3 -- wmin = 14.375

4 -- Binary Search Increase
4 -- midpoint = 15.9375
4 -- wmin = 15.9375

5 -- Binary Search Increase
5 -- midpoint = 16.71875
5 -- wmin = 16.71875

6 -- Binary Search Increase
6 -- midpoint = 17.109375
6 -- wmax(17.5) - wmin(16.71875) < smin(1)

7 -- Binary Search Increase
7 -- midpoint = 17.109375
7 -- wmax(17.5) - wmin(16.71875) < smin(1)

8 -- Binary Search Increase
8 -- midpoint = 17.109375
8 -- wmax(17.5) - wmin(16.71875) < smin(1)

9 -- Binary Search Increase
9 -- midpoint = 17.109375
9 -- wmax(17.5) - wmin(16.71875) < smin(1)

10 -- Binary Search Increase
10 -- midpoint = 17.109375
10 -- wmax(17.5) - wmin(16.71875) < smin(1)

11 -- Binary Search Increase
11 -- midpoint = 17.109375
11 -- wmax(17.5) - wmin(16.71875) < smin(1)

12 -- Binary Search Increase
12 -- midpoint = 17.109375
12 -- wmax(17.5) - wmin(16.71875) < smin(1)

13 -- Binary Search Increase
13 -- midpoint = 17.109375
13 -- wmax(17.5) - wmin(16.71875) < smin(1)

14 -- Binary Search Increase
14 -- midpoint = 17.109375
14 -- wmax(17.5) - wmin(16.71875) < smin(1)

15 -- Binary Search Increase
15 -- midpoint = 17.109375
15 -- wmax(17.5) - wmin(16.71875) < smin(1)

16 -- Binary Search Increase
16 -- midpoint = 17.109375
16 -- wmax(17.5) - wmin(16.71875) < smin(1)

17 -- Binary Search Increase
17 -- midpoint = 17.109375
17 -- wmax(17.5) - wmin(16.71875) < smin(1)

18 -- Binary Search Increase
18 -- midpoint = 17.109375
18 -- wmax(17.5) - wmin(16.71875) < smin(1)

19 -- Binary Search Increase
19 -- midpoint = 17.109375
19 -- wmax(17.5) - wmin(16.71875) < smin(1)

20 -- Binary Search Increase
20 -- midpoint = 17.109375
20 -- wmax(17.5) - wmin(16.71875) < smin(1)

21 -- Binary Search Increase
21 -- midpoint = 17.109375
21 -- wmax(17.5) - wmin(16.71875) < smin(1)

22 -- Binary Search Increase
22 -- midpoint = 17.109375
22 -- wmax(17.5) - wmin(16.71875) < smin(1)

23 -- Binary Search Increase
23 -- midpoint = 17.109375
23 -- wmax(17.5) - wmin(16.71875) < smin(1)

24 -- Binary Search Increase
24 -- midpoint = 17.109375
24 -- wmax(17.5) - wmin(16.71875) < smin(1)

25 -- Binary Search Increase
25 -- midpoint = 17.109375
25 -- wmax(17.5) - wmin(16.71875) < smin(1)

26 -- Binary Search Increase
26 -- midpoint = 17.109375
26 -- wmax(17.5) - wmin(16.71875) < smin(1)

27 -- Binary Search Increase
27 -- midpoint = 17.109375
27 -- wmax(17.5) - wmin(16.71875) < smin(1)

28 -- Binary Search Increase
28 -- midpoint = 17.109375
28 -- wmax(17.5) - wmin(16.71875) < smin(1)

29 -- Binary Search Increase
29 -- midpoint = 17.109375
29 -- wmax(17.5) - wmin(16.71875) < smin(1)

30 -- Binary Search Increase
30 -- midpoint = 17.109375
30 -- wmax(17.5) - wmin(16.71875) < smin(1)

31 -- Binary Search Increase
31 -- midpoint = 17.109375
31 -- wmax(17.5) - wmin(16.71875) < smin(1)

32 -- Binary Search Increase
32 -- midpoint = 17.109375
32 -- wmax(17.5) - wmin(16.71875) < smin(1)

33 -- Binary Search Increase
33 -- midpoint = 17.109375
33 -- wmax(17.5) - wmin(16.71875) < smin(1)

34 -- Binary Search Increase
34 -- midpoint = 17.109375
34 -- wmax(17.5) - wmin(16.71875) < smin(1)

35 -- Binary Search Increase
35 -- midpoint = 17.109375
35 -- wmax(17.5) - wmin(16.71875) < smin(1)

36 -- Binary Search Increase
36 -- midpoint = 17.109375
36 -- wmax(17.5) - wmin(16.71875) < smin(1)

37 -- Binary Search Increase
37 -- midpoint = 17.109375
37 -- wmax(17.5) - wmin(16.71875) < smin(1)

38 -- Binary Search Increase
38 -- midpoint = 17.109375
38 -- wmax(17.5) - wmin(16.71875) < smin(1)

39 -- Binary Search Increase
39 -- midpoint = 17.109375
39 -- wmax(17.5) - wmin(16.71875) < smin(1)

40 -- Binary Search Increase
40 -- midpoint = 17.109375
40 -- wmax(17.5) - wmin(16.71875) < smin(1)

41 -- Binary Search Increase
41 -- midpoint = 17.109375
41 -- wmax(17.5) - wmin(16.71875) < smin(1)

42 -- Binary Search Increase
42 -- midpoint = 17.109375
42 -- wmax(17.5) - wmin(16.71875) < smin(1)

43 -- Binary Search Increase
43 -- midpoint = 17.109375
43 -- wmax(17.5) - wmin(16.71875) < smin(1)

44 -- Binary Search Increase
44 -- midpoint = 17.109375
44 -- wmax(17.5) - wmin(16.71875) < smin(1)

45 -- Binary Search Increase
45 -- midpoint = 17.109375
45 -- wmax(17.5) - wmin(16.71875) < smin(1)

46 -- Binary Search Increase
46 -- midpoint = 17.109375
46 -- wmax(17.5) - wmin(16.71875) < smin(1)

47 -- Binary Search Increase
47 -- midpoint = 17.109375
47 -- wmax(17.5) - wmin(16.71875) < smin(1)

48 -- Binary Search Increase
48 -- midpoint = 17.109375
48 -- wmax(17.5) - wmin(16.71875) < smin(1)

49 -- Binary Search Increase
49 -- midpoint = 17.109375
49 -- wmax(17.5) - wmin(16.71875) < smin(1)

50 -- Binary Search Increase
50 -- midpoint = 17.109375
50 -- wmax(17.5) - wmin(16.71875) < smin(1)

51 -- Binary Search Increase
51 -- midpoint = 17.109375
51 -- wmax(17.5) - wmin(16.71875) < smin(1)

52 -- Binary Search Increase
52 -- midpoint = 17.109375
52 -- wmax(17.5) - wmin(16.71875) < smin(1)

53 -- Binary Search Increase
53 -- midpoint = 17.109375
53 -- wmax(17.5) - wmin(16.71875) < smin(1)

54 -- Binary Search Increase
54 -- midpoint = 17.109375
54 -- wmax(17.5) - wmin(16.71875) < smin(1)

55 -- Binary Search Increase
55 -- midpoint = 17.109375
55 -- wmax(17.5) - wmin(16.71875) < smin(1)

56 -- Binary Search Increase
56 -- midpoint = 17.109375
56 -- wmax(17.5) - wmin(16.71875) < smin(1)

57 -- Binary Search Increase
57 -- midpoint = 17.109375
57 -- wmax(17.5) - wmin(16.71875) < smin(1)

58 -- Binary Search Increase
58 -- midpoint = 17.109375
58 -- wmax(17.5) - wmin(16.71875) < smin(1)

59 -- Binary Search Increase
59 -- midpoint = 17.109375
59 -- wmax(17.5) - wmin(16.71875) < smin(1)

60 -- Binary Search Increase
60 -- midpoint = 17.109375
60 -- wmax(17.5) - wmin(16.71875) < smin(1)

61 -- Binary Search Increase
61 -- midpoint = 17.109375
61 -- wmax(17.5) - wmin(16.71875) < smin(1)

62 -- Binary Search Increase
62 -- midpoint = 17.109375
62 -- wmax(17.5) - wmin(16.71875) < smin(1)

63 -- Binary Search Increase
63 -- midpoint = 17.109375
63 -- wmax(17.5) - wmin(16.71875) < smin(1)

64 -- Binary Search Increase
64 -- midpoint = 17.109375
64 -- wmax(17.5) - wmin(16.71875) < smin(1)

65 -- Binary Search Increase
65 -- midpoint = 17.109375
65 -- wmax(17.5) - wmin(16.71875) < smin(1)

66 -- Binary Search Increase
66 -- midpoint = 17.109375
66 -- wmax(17.5) - wmin(16.71875) < smin(1)

67 -- Binary Search Increase
67 -- midpoint = 17.109375
67 -- wmax(17.5) - wmin(16.71875) < smin(1)

68 -- Binary Search Increase
68 -- midpoint = 17.109375
68 -- wmax(17.5) - wmin(16.71875) < smin(1)

69 -- Binary Search Increase
69 -- midpoint = 17.109375
69 -- wmax(17.5) - wmin(16.71875) < smin(1)

70 -- Binary Search Increase
70 -- midpoint = 17.109375
70 -- wmax(17.5) - wmin(16.71875) < smin(1)

71 -- Binary Search Increase
71 -- midpoint = 17.109375
71 -- wmax(17.5) - wmin(16.71875) < smin(1)

72 -- Binary Search Increase
72 -- midpoint = 17.109375
72 -- wmax(17.5) - wmin(16.71875) < smin(1)

73 -- Binary Search Increase
73 -- midpoint = 17.109375
73 -- wmax(17.5) - wmin(16.71875) < smin(1)

74 -- Binary Search Increase
74 -- midpoint = 17.109375
74 -- wmax(17.5) - wmin(16.71875) < smin(1)

75 -- Binary Search Increase
75 -- midpoint = 17.109375
75 -- wmax(17.5) - wmin(16.71875) < smin(1)

76 -- Binary Search Increase
76 -- midpoint = 17.109375
76 -- wmax(17.5) - wmin(16.71875) < smin(1)

77 -- Binary Search Increase
77 -- midpoint = 17.109375
77 -- wmax(17.5) - wmin(16.71875) < smin(1)

78 -- Binary Search Increase
78 -- midpoint = 17.109375
78 -- wmax(17.5) - wmin(16.71875) < smin(1)

79 -- Binary Search Increase
79 -- midpoint = 17.109375
79 -- wmax(17.5) - wmin(16.71875) < smin(1)

80 -- Binary Search Increase
80 -- midpoint = 17.109375
80 -- wmax(17.5) - wmin(16.71875) < smin(1)

81 -- Binary Search Increase
81 -- midpoint = 17.109375
81 -- wmax(17.5) - wmin(16.71875) < smin(1)

82 -- Binary Search Increase
82 -- midpoint = 17.109375
82 -- wmax(17.5) - wmin(16.71875) < smin(1)

83 -- Binary Search Increase
83 -- midpoint = 17.109375
83 -- wmax(17.5) - wmin(16.71875) < smin(1)

84 -- Binary Search Increase
84 -- midpoint = 17.109375
84 -- wmax(17.5) - wmin(16.71875) < smin(1)

85 -- Binary Search Increase
85 -- midpoint = 17.109375
85 -- wmax(17.5) - wmin(16.71875) < smin(1)

86 -- Binary Search Increase
86 -- midpoint = 17.109375
86 -- wmax(17.5) - wmin(16.71875) < smin(1)

87 -- Binary Search Increase
87 -- midpoint = 17.109375
87 -- wmax(17.5) - wmin(16.71875) < smin(1)

88 -- Binary Search Increase
88 -- midpoint = 17.109375
88 -- wmax(17.5) - wmin(16.71875) < smin(1)

89 -- Binary Search Increase
89 -- midpoint = 17.109375
89 -- wmax(17.5) - wmin(16.71875) < smin(1)

90 -- Binary Search Increase
90 -- midpoint = 17.109375
90 -- wmax(17.5) - wmin(16.71875) < smin(1)

91 -- Binary Search Increase
91 -- midpoint = 17.109375
91 -- wmax(17.5) - wmin(16.71875) < smin(1)

92 -- Binary Search Increase
92 -- midpoint = 17.109375
92 -- wmax(17.5) - wmin(16.71875) < smin(1)

93 -- Binary Search Increase
93 -- midpoint = 17.109375
93 -- wmax(17.5) - wmin(16.71875) < smin(1)

94 -- Binary Search Increase
94 -- midpoint = 17.109375
94 -- wmax(17.5) - wmin(16.71875) < smin(1)

95 -- Binary Search Increase
95 -- midpoint = 17.109375
95 -- wmax(17.5) - wmin(16.71875) < smin(1)

96 -- Binary Search Increase
96 -- midpoint = 17.109375
96 -- wmax(17.5) - wmin(16.71875) < smin(1)

97 -- Binary Search Increase
97 -- midpoint = 17.109375
97 -- wmax(17.5) - wmin(16.71875) < smin(1)

98 -- Binary Search Increase
98 -- midpoint = 17.109375
98 -- wmax(17.5) - wmin(16.71875) < smin(1)

99 -- Binary Search Increase
99 -- midpoint = 17.109375
99 -- wmax(17.5) - wmin(16.71875) < smin(1)

100 -- Binary Search Increase
100 -- midpoint = 17.109375
100 -- wmax(17.5) - wmin(16.71875) < smin(1)

